  bit   perc perc perc  query                                      position in query    matching repeat          position in repeat
score   div. del. ins.  sequence                                   begin end   (left)   repeat   class/family  begin  end    (left)  ID

   57   31.0 17.5  0.4  Bos_taurus:16961881-16962136                  35   251    (4) + LTR33    LTR/ERVL         210    463   (52)   1  
  115   16.0  0.0  0.0  Callithrix_jacchus:70044961-70045562           1   131  (470) + AluSc8   SINE/Alu         164    294   (17)   2  
  121   30.1 10.6  4.8  Callithrix_jacchus:70044961-70045562         161   596    (5) + LTR33    LTR/ERVL           3    462   (53)   3  
   79   28.9  9.9  1.2  Chlorocebus_sabaeus:119305601-119306217        9   229  (387) C LTR33    LTR/ERVL        (56)    459    220   4  
   41   26.9  3.7  4.6  Chlorocebus_sabaeus:119305601-119306217      341   449  (167) C LTR33    LTR/ERVL       (405)    110      3   4  
  116   14.6  0.0  0.0  Chlorocebus_sabaeus:119305601-119306217      479   615    (1) C AluSc8   SINE/Alu        (10)    301    165   5  
  230   12.8 11.2  0.7  Gorilla_gorilla:19440017-19440618              1   251  (350) C MSTA     LTR/ERVL-MaLR  (145)    283      7   6  
   75   20.3  5.1  0.0  Gorilla_gorilla:19440017-19440618            481   598    (3) + MLT1B    LTR/ERVL-MaLR      1    124  (266)   7  
   87   28.0  7.7  1.3  Homo_sapiens:124736177-124736777               8   228  (372) C LTR33    LTR/ERVL        (55)    460    226   8  
   39   27.6  3.6  4.6  Homo_sapiens:124736177-124736777             342   451  (149) C LTR33    LTR/ERVL       (404)    111      3   8  
   99   10.0 15.8  0.0  Homo_sapiens:124736177-124736777             481   600    (0) C AluJb    SINE/Alu         (9)    303    165   9  
   84   29.2  7.7  1.3  Macaca_fascicularis:126093610-126094235        9   230  (395) C LTR33    LTR/ERVL        (56)    459    224  10  
   43   26.0  3.7  4.6  Macaca_fascicularis:126093610-126094235      343   451  (174) C LTR33    LTR/ERVL       (405)    110      3  10  
   92   16.8  0.0  0.0  Macaca_fascicularis:126093610-126094235      481   624    (1) C AluYm1   SINE/Alu         (0)    311    165  11  
   84   29.2  7.7  1.3  Macaca_mulatta:123937746-123938371             9   230  (395) C LTR33    LTR/ERVL        (56)    459    224  12  
   43   26.0  3.7  4.6  Macaca_mulatta:123937746-123938371           343   451  (174) C LTR33    LTR/ERVL       (405)    110      3  12  
   93   16.8  0.0  0.0  Macaca_mulatta:123937746-123938371           481   624    (1) C AluYc    SINE/Alu         (0)    299    153  13  
   54   32.5  6.0  0.5  Oryctolagus_cuniculus:140455858-140456248     13   213  (177) C LTR33    LTR/ERVL        (59)    456    245  14  
   89   28.3  7.7  1.3  Pan_paniscus:124172659-124173258               8   229  (370) C LTR33    LTR/ERVL        (55)    460    225  15  
   39   27.6  3.6  4.6  Pan_paniscus:124172659-124173258             342   451  (148) C LTR33    LTR/ERVL       (404)    111      3  15  
   98   10.1 16.0  0.0  Pan_paniscus:124172659-124173258             481   599    (0) C AluJb    SINE/Alu        (10)    302    165  16  
   89   28.3  7.7  1.3  Pan_troglodytes:127145911-127146511            8   229  (371) C LTR33    LTR/ERVL        (55)    460    225  17  
   39   27.6  3.6  4.6  Pan_troglodytes:127145911-127146511          342   451  (149) C LTR33    LTR/ERVL       (404)    111      3  17  
   98   10.0 15.8  0.0  Pan_troglodytes:127145911-127146511          481   600    (0) C AluJb    SINE/Alu         (9)    303    165  18  
  101   14.1  0.0  0.0  Papio_anubis:119751224-119751842              58   185  (433) + L1PA10   LINE/L1         6038   6165    (3)  19  
  299   13.1  0.7  0.0  Papio_anubis:119751224-119751842             239   528   (90) + AluSx    SINE/Alu          10    301   (11)  20  
   34   34.9  6.8 12.3  Papio_anubis:119751224-119751842             330   577   (41) C YREP_Mm  Unknown       (1457)    355    120  21 *
   86   30.4  3.6  2.2  Pongo_abelii:132397612-132398240               8   229  (399) C LTR33    LTR/ERVL        (55)    460    236  22  
  100   14.7  0.0  3.6  Pongo_abelii:132397612-132398240             486   628    (0) C AluSg7   SINE/Alu         (9)    300    163  23  
